Using pre-set license
Built from '2023.2/staging' branch; Version is '2023.2.3f1 (21747dafc6ee) revision 2192509'; Using compiler version '193431935'; Build Type 'Release'
OS: 'Windows 10  (10.0.19045) 64bit Education' Language: 'en' Physical Memory: 32450 MB
BatchMode: 1, IsHumanControllingUs: 0, StartBugReporterOnCrash: 0, Is64bit: 1, IsPro: 1

COMMAND LINE ARGUMENTS:
C:\Program Files\Unity 2023.2.3f1\Editor\Unity.exe
-adb2
-batchMode
-noUpm
-name
AssetImportWorker0
-projectPath
C:/Users/jhreshchyshyn/Desktop/GPE340/GPE340-JacobHreshchyshyn-Fall2024/GPE340
-logFile
Logs/AssetImportWorker0.log
-srvPort
57903
-job-worker-count
3
-background-job-worker-count
8
-asset-garbage-collectors
1
Successfully changed project path to: C:/Users/jhreshchyshyn/Desktop/GPE340/GPE340-JacobHreshchyshyn-Fall2024/GPE340
C:/Users/jhreshchyshyn/Desktop/GPE340/GPE340-JacobHreshchyshyn-Fall2024/GPE340
[UnityMemory] Configuration Parameters - Can be set up in boot.config
    "memorysetup-bucket-allocator-granularity=16"
    "memorysetup-bucket-allocator-bucket-count=8"
    "memorysetup-bucket-allocator-block-size=33554432"
    "memorysetup-bucket-allocator-block-count=8"
    "memorysetup-main-allocator-block-size=16777216"
    "memorysetup-thread-allocator-block-size=16777216"
    "memorysetup-gfx-main-allocator-block-size=16777216"
    "memorysetup-gfx-thread-allocator-block-size=16777216"
    "memorysetup-cache-allocator-block-size=4194304"
    "memorysetup-typetree-allocator-block-size=2097152"
    "memorysetup-profiler-bucket-allocator-granularity=16"
    "memorysetup-profiler-bucket-allocator-bucket-count=8"
    "memorysetup-profiler-bucket-allocator-block-size=33554432"
    "memorysetup-profiler-bucket-allocator-block-count=8"
    "memorysetup-profiler-allocator-block-size=16777216"
    "memorysetup-profiler-editor-allocator-block-size=1048576"
    "memorysetup-temp-allocator-size-main=16777216"
    "memorysetup-job-temp-allocator-block-size=2097152"
    "memorysetup-job-temp-allocator-block-size-background=1048576"
    "memorysetup-job-temp-allocator-reduction-small-platforms=262144"
    "memorysetup-allocator-temp-initial-block-size-main=262144"
    "memorysetup-allocator-temp-initial-block-size-worker=262144"
    "memorysetup-temp-allocator-size-background-worker=32768"
    "memorysetup-temp-allocator-size-job-worker=262144"
    "memorysetup-temp-allocator-size-preload-manager=33554432"
    "memorysetup-temp-allocator-size-nav-mesh-worker=65536"
    "memorysetup-temp-allocator-size-audio-worker=65536"
    "memorysetup-temp-allocator-size-cloud-worker=32768"
    "memorysetup-temp-allocator-size-gi-baking-worker=262144"
    "memorysetup-temp-allocator-size-gi-baking-worker=262144"
    "memorysetup-temp-allocator-size-gi-baking-worker=262144"
    "memorysetup-temp-allocator-size-gi-baking-worker=262144"
    "memorysetup-temp-allocator-size-gfx=262144"
Player connection [8892] Host "[IP] 10.204.0.79 [Port] 0 [Flags] 2 [Guid] 2873162301 [EditorId] 2873162301 [Version] 1048832 [Id] WindowsEditor(7,NAIB16) [Debug] 1 [PackageName] WindowsEditor [ProjectName] Editor" joined multi-casting on [225.0.0.222:54997]...
Player connection [8892] Host "[IP] 10.204.0.79 [Port] 0 [Flags] 2 [Guid] 2873162301 [EditorId] 2873162301 [Version] 1048832 [Id] WindowsEditor(7,NAIB16) [Debug] 1 [PackageName] WindowsEditor [ProjectName] Editor" joined alternative multi-casting on [225.0.0.222:34997]...
JobSystem: Creating JobQueue using job-worker-count value 3
[Physics::Module] Initialized MultithreadedJobDispatcher with 3 workers.
Library Redirect Path: Library/
Refreshing native plugins compatible for Editor in 1.36 ms, found 3 plugins.
Preloading 0 native plugins for Editor in 0.00 ms.
Initialize engine version: 2023.2.3f1 (21747dafc6ee)
[Subsystems] Discovering subsystems at path C:/Program Files/Unity 2023.2.3f1/Editor/Data/Resources/UnitySubsystems
[Subsystems] Discovering subsystems at path C:/Users/jhreshchyshyn/Desktop/GPE340/GPE340-JacobHreshchyshyn-Fall2024/GPE340/Assets
GfxDevice: creating device client; kGfxThreadingModeNonThreaded
Direct3D:
    Version:  Direct3D 11.0 [level 11.1]
    Renderer: NVIDIA Quadro RTX 5000 (ID=0x1eb0)
    Vendor:   NVIDIA
    VRAM:     16161 MB
    Driver:   31.0.15.3141
Initialize mono
Mono path[0] = 'C:/Program Files/Unity 2023.2.3f1/Editor/Data/Managed'
Mono path[1] = 'C:/Program Files/Unity 2023.2.3f1/Editor/Data/MonoBleedingEdge/lib/mono/unityjit-win32'
Mono config path = 'C:/Program Files/Unity 2023.2.3f1/Editor/Data/MonoBleedingEdge/etc'
Using monoOptions --debugger-agent=transport=dt_socket,embedding=1,server=y,suspend=n,address=127.0.0.1:56076
Begin MonoManager ReloadAssembly
C:\build\output\Unity-Technologies\mono\mono\metadata\icall.c:1842:
C:\build\output\Unity-Technologies\mono\mono\metadata\icall.c:1842:
C:\build\output\Unity-Technologies\mono\mono\metadata\icall.c:1842:
C:\build\output\Unity-Technologies\mono\mono\metadata\icall.c:1842:
C:\build\output\Unity-Technologies\mono\mono\metadata\icall.c:1842:
C:\build\output\Unity-Technologies\mono\mono\metadata\icall.c:1842:
C:\build\output\Unity-Technologies\mono\mono\metadata\icall.c:1842:
C:\build\output\Unity-Technologies\mono\mono\metadata\icall.c:1842:
C:\build\output\Unity-Technologies\mono\mono\metadata\icall.c:1842:
C:\build\output\Unity-Technologies\mono\mono\metadata\icall.c:1842:
Registering precompiled unity dll's ...
Register platform support module: C:/Program Files/Unity 2023.2.3f1/Editor/Data/PlaybackEngines/WindowsStandaloneSupport/UnityEditor.WindowsStandalone.Extensions.dll
Registered in 0.003226 seconds.
- Loaded All Assemblies, in  0.568 seconds
Native extension for WindowsStandalone target not found
Mono: successfully reloaded assembly
C:\build\output\Unity-Technologies\mono\mono\metadata\icall.c:1842:
C:\build\output\Unity-Technologies\mono\mono\metadata\icall.c:1842:
- Finished resetting the current domain, in  0.471 seconds
Domain Reload Profiling: 1036ms
	BeginReloadAssembly (181ms)
		ExecutionOrderSort (0ms)
		DisableScriptedObjects (0ms)
		BackupInstance (0ms)
		ReleaseScriptingObjects (0ms)
		CreateAndSetChildDomain (1ms)
	RebuildCommonClasses (61ms)
	RebuildNativeTypeToScriptingClass (21ms)
	initialDomainReloadingComplete (70ms)
	LoadAllAssembliesAndSetupDomain (231ms)
		LoadAssemblies (179ms)
		RebuildTransferFunctionScriptingTraits (0ms)
		AnalyzeDomain (228ms)
			TypeCache.Refresh (227ms)
				TypeCache.ScanAssembly (208ms)
			BuildScriptInfoCaches (0ms)
			ResolveRequiredComponents (1ms)
	FinalizeReload (471ms)
		ReleaseScriptCaches (0ms)
		RebuildScriptCaches (0ms)
		SetupLoadedEditorAssemblies (392ms)
			LogAssemblyErrors (0ms)
			InitializePlatformSupportModulesInManaged (12ms)
			SetLoadedEditorAssemblies (8ms)
			BeforeProcessingInitializeOnLoad (10ms)
			ProcessInitializeOnLoadAttributes (290ms)
			ProcessInitializeOnLoadMethodAttributes (71ms)
			AfterProcessingInitializeOnLoad (0ms)
			EditorAssembliesLoaded (0ms)
		ExecutionOrderSort2 (0ms)
		AwakeInstancesAfterBackupRestoration (0ms)
========================================================================
Worker process is ready to serve import requests
Import Worker Mode flag is 0x00
Begin MonoManager ReloadAssembly
C:\build\output\Unity-Technologies\mono\mono\metadata\icall.c:1842:
C:\build\output\Unity-Technologies\mono\mono\metadata\icall.c:1842:
C:\build\output\Unity-Technologies\mono\mono\metadata\icall.c:1842:
C:\build\output\Unity-Technologies\mono\mono\metadata\icall.c:1842:
C:\build\output\Unity-Technologies\mono\mono\metadata\icall.c:1842:
C:\build\output\Unity-Technologies\mono\mono\metadata\icall.c:1842:
C:\build\output\Unity-Technologies\mono\mono\metadata\icall.c:1842:
C:\build\output\Unity-Technologies\mono\mono\metadata\icall.c:1842:
C:\build\output\Unity-Technologies\mono\mono\metadata\icall.c:1842:
C:\build\output\Unity-Technologies\mono\mono\metadata\icall.c:1842:
C:\build\output\Unity-Technologies\mono\mono\metadata\icall.c:1842:
C:\build\output\Unity-Technologies\mono\mono\metadata\icall.c:1842:
Symbol file LoadedFromMemory doesn't match image C:\Users\jhreshchyshyn\Desktop\GPE340\GPE340-JacobHreshchyshyn-Fall2024\GPE340\Library\PackageCache\com.unity.visualscripting@1.8.0\Editor\VisualScripting.Core\Dependencies\YamlDotNet\Unity.VisualScripting.YamlDotNet.dll
Symbol file LoadedFromMemory doesn't match image C:\Users\jhreshchyshyn\Desktop\GPE340\GPE340-JacobHreshchyshyn-Fall2024\GPE340\Library\PackageCache\com.unity.visualscripting@1.8.0\Editor\VisualScripting.Core\Dependencies\DotNetZip\Unity.VisualScripting.IonicZip.dll
- Loaded All Assemblies, in  1.095 seconds
Refreshing native plugins compatible for Editor in 0.74 ms, found 3 plugins.
Native extension for WindowsStandalone target not found
Mono: successfully reloaded assembly
- Finished resetting the current domain, in  0.830 seconds
Domain Reload Profiling: 1922ms
	BeginReloadAssembly (450ms)
		ExecutionOrderSort (0ms)
		DisableScriptedObjects (9ms)
		BackupInstance (0ms)
		ReleaseScriptingObjects (0ms)
		CreateAndSetChildDomain (46ms)
	RebuildCommonClasses (58ms)
	RebuildNativeTypeToScriptingClass (20ms)
	initialDomainReloadingComplete (51ms)
	LoadAllAssembliesAndSetupDomain (513ms)
		LoadAssemblies (400ms)
		RebuildTransferFunctionScriptingTraits (0ms)
		AnalyzeDomain (256ms)
			TypeCache.Refresh (221ms)
				TypeCache.ScanAssembly (204ms)
			BuildScriptInfoCaches (26ms)
			ResolveRequiredComponents (6ms)
	FinalizeReload (830ms)
		ReleaseScriptCaches (0ms)
		RebuildScriptCaches (0ms)
		SetupLoadedEditorAssemblies (565ms)
			LogAssemblyErrors (0ms)
			InitializePlatformSupportModulesInManaged (3ms)
			SetLoadedEditorAssemblies (5ms)
			BeforeProcessingInitializeOnLoad (61ms)
			ProcessInitializeOnLoadAttributes (460ms)
			ProcessInitializeOnLoadMethodAttributes (29ms)
			AfterProcessingInitializeOnLoad (6ms)
			EditorAssembliesLoaded (0ms)
		ExecutionOrderSort2 (0ms)
		AwakeInstancesAfterBackupRestoration (7ms)
Launched and connected shader compiler UnityShaderCompiler.exe after 0.01 seconds
Refreshing native plugins compatible for Editor in 1.11 ms, found 3 plugins.
Preloading 0 native plugins for Editor in 0.00 ms.
Unloading 9 Unused Serialized files (Serialized files now loaded: 0)
Unloading 3130 unused Assets / (1.1 MB). Loaded Objects now: 3688.
Memory consumption went from 114.5 MB to 113.3 MB.
Total: 8.127600 ms (FindLiveObjects: 0.589900 ms CreateObjectMapping: 0.452900 ms MarkObjects: 5.319100 ms  DeleteObjects: 1.764000 ms)

========================================================================
Received Import Request.
  Time since last request: 14122.299715 seconds.
  path: Assets/Pro Rifle Pack/death from right.fbx
  artifactKey: Guid(ecf6f5ba7367d7c41b888a18c2abe0d0) Importer(815301076,1909f56bfc062723c751e8b465ee728b)
Start importing Assets/Pro Rifle Pack/death from right.fbx using Guid(ecf6f5ba7367d7c41b888a18c2abe0d0) Importer(815301076,1909f56bfc062723c751e8b465ee728b) (PreviewImporter) -> (artifact id: 'ade57eeb5c730e643cde1deb019b19bd') in 0.0578966 seconds
Number of updated asset objects reloaded before import = 0Number of asset objects unloaded after import = 135

========================================================================
Received Import Request.
  Time since last request: 0.000022 seconds.
  path: Assets/Pro Rifle Pack/sprint forward.fbx
  artifactKey: Guid(1279d5c371694784681bc136130f1116) Importer(815301076,1909f56bfc062723c751e8b465ee728b)
Start importing Assets/Pro Rifle Pack/sprint forward.fbx using Guid(1279d5c371694784681bc136130f1116) Importer(815301076,1909f56bfc062723c751e8b465ee728b) (PreviewImporter) -> (artifact id: 'd6d3b22061e8404f82df8e05a340c53b') in 0.0037128 seconds
Number of updated asset objects reloaded before import = 0Number of asset objects unloaded after import = 135

========================================================================
Received Import Request.
  Time since last request: 0.000019 seconds.
  path: Assets/Pro Rifle Pack/walk crouching forward right.fbx
  artifactKey: Guid(77d362c92f954a547a6df1bf1b2593bf) Importer(815301076,1909f56bfc062723c751e8b465ee728b)
Start importing Assets/Pro Rifle Pack/walk crouching forward right.fbx using Guid(77d362c92f954a547a6df1bf1b2593bf) Importer(815301076,1909f56bfc062723c751e8b465ee728b) (PreviewImporter) -> (artifact id: 'b8c40f1d40ca2e735ca1da3112524c3c') in 0.0037288 seconds
Number of updated asset objects reloaded before import = 0Number of asset objects unloaded after import = 135

========================================================================
Received Import Request.
  Time since last request: 0.000017 seconds.
  path: Assets/Pro Rifle Pack/crouching turn 90 right.fbx
  artifactKey: Guid(e822b5eed9625dc4795dbdaa21457a2d) Importer(815301076,1909f56bfc062723c751e8b465ee728b)
Start importing Assets/Pro Rifle Pack/crouching turn 90 right.fbx using Guid(e822b5eed9625dc4795dbdaa21457a2d) Importer(815301076,1909f56bfc062723c751e8b465ee728b) (PreviewImporter) -> (artifact id: '3a0c91fbe706af1e043d0033c04cba72') in 0.0044943 seconds
Number of updated asset objects reloaded before import = 0Number of asset objects unloaded after import = 135

========================================================================
Received Import Request.
  Time since last request: 0.000017 seconds.
  path: Assets/Pro Rifle Pack/walk crouching forward left.fbx
  artifactKey: Guid(67489ab857753e9499bb5e49ae64b10d) Importer(815301076,1909f56bfc062723c751e8b465ee728b)
Start importing Assets/Pro Rifle Pack/walk crouching forward left.fbx using Guid(67489ab857753e9499bb5e49ae64b10d) Importer(815301076,1909f56bfc062723c751e8b465ee728b) (PreviewImporter) -> (artifact id: 'ee63d60cab56508c2a8367e1f658d2a2') in 0.0032838 seconds
Number of updated asset objects reloaded before import = 0Number of asset objects unloaded after import = 135

========================================================================
Received Import Request.
  Time since last request: 0.000017 seconds.
  path: Assets/Pro Rifle Pack/walk crouching right.fbx
  artifactKey: Guid(bf9283dfd0430c24caba63729c5e3f57) Importer(815301076,1909f56bfc062723c751e8b465ee728b)
Start importing Assets/Pro Rifle Pack/walk crouching right.fbx using Guid(bf9283dfd0430c24caba63729c5e3f57) Importer(815301076,1909f56bfc062723c751e8b465ee728b) (PreviewImporter) -> (artifact id: '5f0a04fca10bf6e52a590a9bb0b335f9') in 0.0030722 seconds
Number of updated asset objects reloaded before import = 0Number of asset objects unloaded after import = 135

========================================================================
Received Import Request.
  Time since last request: 0.000015 seconds.
  path: Assets/Pro Rifle Pack/run right.fbx
  artifactKey: Guid(e2811bd4b6316b146a25dd4ed3369537) Importer(815301076,1909f56bfc062723c751e8b465ee728b)
Start importing Assets/Pro Rifle Pack/run right.fbx using Guid(e2811bd4b6316b146a25dd4ed3369537) Importer(815301076,1909f56bfc062723c751e8b465ee728b) (PreviewImporter) -> (artifact id: '3b9cdd7cb6bb7ac45888428a8b18d14f') in 0.0041397 seconds
Number of updated asset objects reloaded before import = 0Number of asset objects unloaded after import = 135

========================================================================
Received Import Request.
  Time since last request: 0.000015 seconds.
  path: Assets/Pro Rifle Pack/sprint forward right.fbx
  artifactKey: Guid(c1f1c965c3192954f9f0e706a8f752cc) Importer(815301076,1909f56bfc062723c751e8b465ee728b)
Start importing Assets/Pro Rifle Pack/sprint forward right.fbx using Guid(c1f1c965c3192954f9f0e706a8f752cc) Importer(815301076,1909f56bfc062723c751e8b465ee728b) (PreviewImporter) -> (artifact id: '72180514cdaf53347169fc1c3b7ae32a') in 0.0036387 seconds
Number of updated asset objects reloaded before import = 0Number of asset objects unloaded after import = 135

========================================================================
Received Import Request.
  Time since last request: 0.000023 seconds.
  path: Assets/Pro Rifle Pack/run backward right.fbx
  artifactKey: Guid(6eb18bfa185fd9a44af4318ae50ffa97) Importer(815301076,1909f56bfc062723c751e8b465ee728b)
Start importing Assets/Pro Rifle Pack/run backward right.fbx using Guid(6eb18bfa185fd9a44af4318ae50ffa97) Importer(815301076,1909f56bfc062723c751e8b465ee728b) (PreviewImporter) -> (artifact id: '053d0837035d39d8c7e209cf3aed6f42') in 0.0052248 seconds
Number of updated asset objects reloaded before import = 0Number of asset objects unloaded after import = 135

========================================================================
Received Import Request.
  Time since last request: 0.000022 seconds.
  path: Assets/Pro Rifle Pack/walk crouching backward.fbx
  artifactKey: Guid(bc421e48ce933194b8b793726ad2b5b6) Importer(815301076,1909f56bfc062723c751e8b465ee728b)
Start importing Assets/Pro Rifle Pack/walk crouching backward.fbx using Guid(bc421e48ce933194b8b793726ad2b5b6) Importer(815301076,1909f56bfc062723c751e8b465ee728b) (PreviewImporter) -> (artifact id: '2e8d9f0b03e01f6cc468c6377195e44b') in 0.0041512 seconds
Number of updated asset objects reloaded before import = 0Number of asset objects unloaded after import = 135

========================================================================
Received Import Request.
  Time since last request: 0.000023 seconds.
  path: Assets/Pro Rifle Pack/sprint backward right.fbx
  artifactKey: Guid(a6f3492976f656145adac9837d8a513a) Importer(815301076,1909f56bfc062723c751e8b465ee728b)
Start importing Assets/Pro Rifle Pack/sprint backward right.fbx using Guid(a6f3492976f656145adac9837d8a513a) Importer(815301076,1909f56bfc062723c751e8b465ee728b) (PreviewImporter) -> (artifact id: '1f27955a230e80453a584fd88a8c409d') in 0.0044316 seconds
Number of updated asset objects reloaded before import = 0Number of asset objects unloaded after import = 135

========================================================================
Received Import Request.
  Time since last request: 0.000021 seconds.
  path: Assets/Pro Rifle Pack/Ch36_nonPBR.fbx
  artifactKey: Guid(5ece45232cac6e24b92f80c39dcfd151) Importer(815301076,1909f56bfc062723c751e8b465ee728b)
Start importing Assets/Pro Rifle Pack/Ch36_nonPBR.fbx using Guid(5ece45232cac6e24b92f80c39dcfd151) Importer(815301076,1909f56bfc062723c751e8b465ee728b) (PreviewImporter) -> (artifact id: '662b5bc9c40d9e80636739cbaf99865e') in 0.3726388 seconds
Number of updated asset objects reloaded before import = 0Number of asset objects unloaded after import = 140

